C:\Users\mimtiaz\Documents\Visual Studio 2010\Projects\CodingPracticeProjects\compHistExmp\compHistExmp\Debug\cl.command.1.tlog
C:\Users\mimtiaz\Documents\Visual Studio 2010\Projects\CodingPracticeProjects\compHistExmp\compHistExmp\Debug\CL.read.1.tlog
C:\Users\mimtiaz\Documents\Visual Studio 2010\Projects\CodingPracticeProjects\compHistExmp\compHistExmp\Debug\CL.write.1.tlog
C:\USERS\MIMTIAZ\DOCUMENTS\VISUAL STUDIO 2010\PROJECTS\CODINGPRACTICEPROJECTS\COMPHISTEXMP\COMPHISTEXMP\DEBUG\COMPHISTEXMP.EXE.EMBED.MANIFEST
C:\USERS\MIMTIAZ\DOCUMENTS\VISUAL STUDIO 2010\PROJECTS\CODINGPRACTICEPROJECTS\COMPHISTEXMP\COMPHISTEXMP\DEBUG\COMPHISTEXMP.EXE.EMBED.MANIFEST.RES
C:\USERS\MIMTIAZ\DOCUMENTS\VISUAL STUDIO 2010\PROJECTS\CODINGPRACTICEPROJECTS\COMPHISTEXMP\COMPHISTEXMP\DEBUG\COMPHISTEXMP.EXE.INTERMEDIATE.MANIFEST
C:\Users\mimtiaz\Documents\Visual Studio 2010\Projects\CodingPracticeProjects\compHistExmp\compHistExmp\Debug\compHistExmp.vcxprojResolveAssemblyReference.cache
C:\Users\mimtiaz\Documents\Visual Studio 2010\Projects\CodingPracticeProjects\compHistExmp\compHistExmp\Debug\compHistExmp.write.1.tlog
C:\Users\mimtiaz\Documents\Visual Studio 2010\Projects\CodingPracticeProjects\compHistExmp\compHistExmp\Debug\compHistExmp_manifest.rc
C:\Users\mimtiaz\Documents\Visual Studio 2010\Projects\CodingPracticeProjects\compHistExmp\compHistExmp\Debug\link.13212.read.1.tlog
C:\Users\mimtiaz\Documents\Visual Studio 2010\Projects\CodingPracticeProjects\compHistExmp\compHistExmp\Debug\link.13212.write.1.tlog
C:\Users\mimtiaz\Documents\Visual Studio 2010\Projects\CodingPracticeProjects\compHistExmp\compHistExmp\Debug\link.13212-cvtres.read.1.tlog
C:\Users\mimtiaz\Documents\Visual Studio 2010\Projects\CodingPracticeProjects\compHistExmp\compHistExmp\Debug\link.13212-cvtres.write.1.tlog
C:\Users\mimtiaz\Documents\Visual Studio 2010\Projects\CodingPracticeProjects\compHistExmp\compHistExmp\Debug\link.13404.read.1.tlog
C:\Users\mimtiaz\Documents\Visual Studio 2010\Projects\CodingPracticeProjects\compHistExmp\compHistExmp\Debug\link.13404.write.1.tlog
C:\Users\mimtiaz\Documents\Visual Studio 2010\Projects\CodingPracticeProjects\compHistExmp\compHistExmp\Debug\link.13404-cvtres.read.1.tlog
C:\Users\mimtiaz\Documents\Visual Studio 2010\Projects\CodingPracticeProjects\compHistExmp\compHistExmp\Debug\link.13404-cvtres.write.1.tlog
C:\Users\mimtiaz\Documents\Visual Studio 2010\Projects\CodingPracticeProjects\compHistExmp\compHistExmp\Debug\link.15176.read.1.tlog
C:\Users\mimtiaz\Documents\Visual Studio 2010\Projects\CodingPracticeProjects\compHistExmp\compHistExmp\Debug\link.15176.write.1.tlog
C:\Users\mimtiaz\Documents\Visual Studio 2010\Projects\CodingPracticeProjects\compHistExmp\compHistExmp\Debug\link.15176-cvtres.read.1.tlog
C:\Users\mimtiaz\Documents\Visual Studio 2010\Projects\CodingPracticeProjects\compHistExmp\compHistExmp\Debug\link.15176-cvtres.write.1.tlog
C:\Users\mimtiaz\Documents\Visual Studio 2010\Projects\CodingPracticeProjects\compHistExmp\compHistExmp\Debug\link.1592.read.1.tlog
C:\Users\mimtiaz\Documents\Visual Studio 2010\Projects\CodingPracticeProjects\compHistExmp\compHistExmp\Debug\link.1592.write.1.tlog
C:\Users\mimtiaz\Documents\Visual Studio 2010\Projects\CodingPracticeProjects\compHistExmp\compHistExmp\Debug\link.1592-cvtres.read.1.tlog
C:\Users\mimtiaz\Documents\Visual Studio 2010\Projects\CodingPracticeProjects\compHistExmp\compHistExmp\Debug\link.1592-cvtres.write.1.tlog
C:\Users\mimtiaz\Documents\Visual Studio 2010\Projects\CodingPracticeProjects\compHistExmp\compHistExmp\Debug\link.8612.read.1.tlog
C:\Users\mimtiaz\Documents\Visual Studio 2010\Projects\CodingPracticeProjects\compHistExmp\compHistExmp\Debug\link.8612.write.1.tlog
C:\Users\mimtiaz\Documents\Visual Studio 2010\Projects\CodingPracticeProjects\compHistExmp\compHistExmp\Debug\link.8612-cvtres.read.1.tlog
C:\Users\mimtiaz\Documents\Visual Studio 2010\Projects\CodingPracticeProjects\compHistExmp\compHistExmp\Debug\link.8612-cvtres.write.1.tlog
C:\Users\mimtiaz\Documents\Visual Studio 2010\Projects\CodingPracticeProjects\compHistExmp\compHistExmp\Debug\link.command.1.tlog
C:\Users\mimtiaz\Documents\Visual Studio 2010\Projects\CodingPracticeProjects\compHistExmp\compHistExmp\Debug\link.read.1.tlog
C:\Users\mimtiaz\Documents\Visual Studio 2010\Projects\CodingPracticeProjects\compHistExmp\compHistExmp\Debug\link.write.1.tlog
C:\Users\mimtiaz\Documents\Visual Studio 2010\Projects\CodingPracticeProjects\compHistExmp\compHistExmp\Debug\link-cvtres.read.1.tlog
C:\Users\mimtiaz\Documents\Visual Studio 2010\Projects\CodingPracticeProjects\compHistExmp\compHistExmp\Debug\link-cvtres.write.1.tlog
C:\USERS\MIMTIAZ\DOCUMENTS\VISUAL STUDIO 2010\PROJECTS\CODINGPRACTICEPROJECTS\COMPHISTEXMP\COMPHISTEXMP\DEBUG\MAIN.OBJ
C:\Users\mimtiaz\Documents\Visual Studio 2010\Projects\CodingPracticeProjects\compHistExmp\compHistExmp\Debug\mt.command.1.tlog
C:\Users\mimtiaz\Documents\Visual Studio 2010\Projects\CodingPracticeProjects\compHistExmp\compHistExmp\Debug\mt.read.1.tlog
C:\Users\mimtiaz\Documents\Visual Studio 2010\Projects\CodingPracticeProjects\compHistExmp\compHistExmp\Debug\mt.write.1.tlog
C:\Users\mimtiaz\Documents\Visual Studio 2010\Projects\CodingPracticeProjects\compHistExmp\compHistExmp\Debug\rc.command.1.tlog
C:\Users\mimtiaz\Documents\Visual Studio 2010\Projects\CodingPracticeProjects\compHistExmp\compHistExmp\Debug\rc.read.1.tlog
C:\Users\mimtiaz\Documents\Visual Studio 2010\Projects\CodingPracticeProjects\compHistExmp\compHistExmp\Debug\rc.write.1.tlog
C:\Users\mimtiaz\Documents\Visual Studio 2010\Projects\CodingPracticeProjects\compHistExmp\compHistExmp\Debug\vc100.idb
C:\USERS\MIMTIAZ\DOCUMENTS\VISUAL STUDIO 2010\PROJECTS\CODINGPRACTICEPROJECTS\COMPHISTEXMP\COMPHISTEXMP\DEBUG\VC100.PDB
C:\USERS\MIMTIAZ\DOCUMENTS\VISUAL STUDIO 2010\PROJECTS\CODINGPRACTICEPROJECTS\COMPHISTEXMP\DEBUG\COMPHISTEXMP.EXE
C:\USERS\MIMTIAZ\DOCUMENTS\VISUAL STUDIO 2010\PROJECTS\CODINGPRACTICEPROJECTS\COMPHISTEXMP\DEBUG\COMPHISTEXMP.ILK
C:\USERS\MIMTIAZ\DOCUMENTS\VISUAL STUDIO 2010\PROJECTS\CODINGPRACTICEPROJECTS\COMPHISTEXMP\DEBUG\COMPHISTEXMP.PDB
