Build started 6/12/2017 6:55:34 PM.
     1>Project "C:\Users\mimtiaz\Documents\Visual Studio 2010\Projects\CodingPracticeProjects\compHistExmp2\compHistExmp2\compHistExmp2.vcxproj" on node 2 (build target(s)).
     1>InitializeBuildStatus:
         Creating "Debug\compHistExmp2.unsuccessfulbuild" because "AlwaysCreate" was specified.
       ClCompile:
         c:\Program Files (x86)\Microsoft Visual Studio 10.0\VC\BIN\CL.exe /c /I"C:\Program Files (x86)\Visual Leak Detector\include" /ZI /nologo /W3 /WX- /Od /Oy- /D WIN32 /D _DEBUG /D _CONSOLE /D _UNICODE /D UNICODE /Gm /EHsc /RTC1 /MDd /GS /fp:precise /Zc:wchar_t /Zc:forScope /Fo"Debug\\" /Fd"Debug\vc100.pdb" /Gd /TP /analyze- /errorReport:prompt main.cpp
         main.cpp
     1>c:\users\mimtiaz\documents\visual studio 2010\projects\codingpracticeprojects\comphistexmp2\comphistexmp2\main.cpp(289): warning C4996: 'getch': The POSIX name for this item is deprecated. Instead, use the ISO C++ conformant name: _getch. See online help for details.
                 c:\program files (x86)\microsoft visual studio 10.0\vc\include\conio.h(128) : see declaration of 'getch'
       ManifestResourceCompile:
         All outputs are up-to-date.
       Link:
         c:\Program Files (x86)\Microsoft Visual Studio 10.0\VC\BIN\link.exe /ERRORREPORT:PROMPT /OUT:"C:\Users\mimtiaz\Documents\Visual Studio 2010\Projects\CodingPracticeProjects\compHistExmp2\Debug\compHistExmp2.exe" /INCREMENTAL /NOLOGO /LIBPATH:"C:\Program Files (x86)\Visual Leak Detector\lib\Win32" cv.lib cxcore.lib highgui.lib kernel32.lib user32.lib gdi32.lib winspool.lib comdlg32.lib advapi32.lib shell32.lib ole32.lib oleaut32.lib uuid.lib odbc32.lib odbccp32.lib /MANIFEST /ManifestFile:"Debug\compHistExmp2.exe.intermediate.manifest" /MANIFESTUAC:"level='asInvoker' uiAccess='false'" /DEBUG /PDB:"C:\Users\mimtiaz\Documents\Visual Studio 2010\Projects\CodingPracticeProjects\compHistExmp2\Debug\compHistExmp2.pdb" /SUBSYSTEM:CONSOLE /TLBID:1 /DYNAMICBASE /NXCOMPAT /IMPLIB:"C:\Users\mimtiaz\Documents\Visual Studio 2010\Projects\CodingPracticeProjects\compHistExmp2\Debug\compHistExmp2.lib" /MACHINE:X86 Debug\compHistExmp2.exe.embed.manifest.res
         Debug\main.obj
       Manifest:
         C:\Program Files (x86)\Microsoft SDKs\Windows\v7.0A\bin\mt.exe /nologo /verbose /out:"Debug\compHistExmp2.exe.embed.manifest" /manifest Debug\compHistExmp2.exe.intermediate.manifest
         All outputs are up-to-date.
       LinkEmbedManifest:
         All outputs are up-to-date.
         compHistExmp2.vcxproj -> C:\Users\mimtiaz\Documents\Visual Studio 2010\Projects\CodingPracticeProjects\compHistExmp2\Debug\compHistExmp2.exe
       FinalizeBuildStatus:
         Deleting file "Debug\compHistExmp2.unsuccessfulbuild".
         Touching "Debug\compHistExmp2.lastbuildstate".
     1>Done Building Project "C:\Users\mimtiaz\Documents\Visual Studio 2010\Projects\CodingPracticeProjects\compHistExmp2\compHistExmp2\compHistExmp2.vcxproj" (build target(s)).

Build succeeded.

Time Elapsed 00:00:02.15
